<?xml version="1.0" encoding="UTF-8"?>
<!-- Generated by org.testng.reporters.JUnitXMLReporter -->
<testsuite ignored="0" hostname="Akshay" failures="0" tests="3" name="Default test" time="7.94" errors="0" timestamp="2023-12-17T11:23:46 IST">
  <testcase classname="tutorialNinjaProj.Tests.SearchTest" name="verifySearchWithValidProduct" time="0.327"/>
  <testcase classname="tutorialNinjaProj.Tests.SearchTest" name="verifySearchWithNonExistingProduct" time="0.299"/>
  <testcase classname="tutorialNinjaProj.Tests.SearchTest" name="verifySearchWithNotProvidingAnyProductName" time="0.243"/>
</testsuite> <!-- Default test -->
