<?xml version="1.0" encoding="UTF-8"?>
<!-- Generated by org.testng.reporters.JUnitXMLReporter -->
<testsuite ignored="0" hostname="Akshay" failures="0" tests="12" name="Test" time="52.216" errors="0" timestamp="2023-12-17T12:52:00 IST">
  <testcase classname="tutorialNinjaProj.Tests.RegisterAccountTest" name="verifyRegisteringAccountWithMandatoryFields" time="0.807"/>
  <testcase classname="tutorialNinjaProj.Tests.RegisterAccountTest" name="verifyRegisteringAccountWithAlreadyExistingCredentils" time="0.625"/>
  <testcase classname="tutorialNinjaProj.Tests.RegisterAccountTest" name="verifyRegisteringAccountWithOutFillingAnyFillds" time="0.323"/>
  <testcase classname="tutorialNinjaProj.Tests.LoginTest" name="verifyLoginWithValidCredentils" time="0.511"/>
  <testcase classname="tutorialNinjaProj.Tests.LoginTest" name="verifyLoginWithValidCredentils" time="0.471"/>
  <testcase classname="tutorialNinjaProj.Tests.LoginTest" name="verifyLoginWithInvalidCredentils" time="0.398"/>
  <testcase classname="tutorialNinjaProj.Tests.LoginTest" name="verifyLoginWithInvalidEmailandValiedPassword" time="0.44"/>
  <testcase classname="tutorialNinjaProj.Tests.LoginTest" name="verifyLoginWithValidEmailandInvaliedPassword" time="0.375"/>
  <testcase classname="tutorialNinjaProj.Tests.LoginTest" name="verifyLoginWithoutProvidingCredentils" time="0.274"/>
  <testcase classname="tutorialNinjaProj.Tests.SearchTest" name="verifySearchWithValidProduct" time="0.646"/>
  <testcase classname="tutorialNinjaProj.Tests.SearchTest" name="verifySearchWithNonExistingProduct" time="0.285"/>
  <testcase classname="tutorialNinjaProj.Tests.SearchTest" name="verifySearchWithNotProvidingAnyProductName" time="0.212"/>
</testsuite> <!-- Test -->
