<?xml version="1.0" encoding="UTF-8"?>
<testng-results ignored="0" total="12" passed="12" failed="0" skipped="0">
  <reporter-output>
  </reporter-output>
  <suite started-at="2023-12-17T12:51:07 IST" name="Suite" finished-at="2023-12-17T12:52:00 IST" duration-ms="52216">
    <groups>
    </groups>
    <test started-at="2023-12-17T12:51:07 IST" name="Test" finished-at="2023-12-17T12:52:00 IST" duration-ms="52216">
      <class name="tutorialNinjaProj.Tests.LoginTest">
        <test-method is-config="true" signature="setup()[pri:0, instance:tutorialNinjaProj.Tests.LoginTest@6b81ce95]" started-at="2023-12-17T12:51:26 IST" name="setup" finished-at="2023-12-17T12:51:29 IST" duration-ms="2976" status="PASS">
          <reporter-output>
          </reporter-output>
        </test-method> <!-- setup -->
        <test-method signature="verifyLoginWithValidCredentils(java.lang.String,java.lang.String)[pri:1, instance:tutorialNinjaProj.Tests.LoginTest@6b81ce95]" started-at="2023-12-17T12:51:29 IST" name="verifyLoginWithValidCredentils" data-provider="validCredentialsSupplier" finished-at="2023-12-17T12:51:30 IST" duration-ms="511" status="PASS">
          <params>
            <param index="0">
              <value>
                <![CDATA[akshayj08121995@gmail.com]]>
              </value>
            </param>
            <param index="1">
              <value>
                <![CDATA[Akshayj@6776]]>
              </value>
            </param>
          </params>
          <reporter-output>
          </reporter-output>
        </test-method> <!-- verifyLoginWithValidCredentils -->
        <test-method is-config="true" signature="closeDriver()[pri:0, instance:tutorialNinjaProj.Tests.LoginTest@6b81ce95]" started-at="2023-12-17T12:51:30 IST" name="closeDriver" finished-at="2023-12-17T12:51:30 IST" duration-ms="126" status="PASS">
          <reporter-output>
          </reporter-output>
        </test-method> <!-- closeDriver -->
        <test-method is-config="true" signature="setup()[pri:0, instance:tutorialNinjaProj.Tests.LoginTest@6b81ce95]" started-at="2023-12-17T12:51:30 IST" name="setup" finished-at="2023-12-17T12:51:33 IST" duration-ms="3199" status="PASS">
          <reporter-output>
          </reporter-output>
        </test-method> <!-- setup -->
        <test-method signature="verifyLoginWithValidCredentils(java.lang.String,java.lang.String)[pri:1, instance:tutorialNinjaProj.Tests.LoginTest@6b81ce95]" started-at="2023-12-17T12:51:33 IST" name="verifyLoginWithValidCredentils" data-provider="validCredentialsSupplier" finished-at="2023-12-17T12:51:33 IST" duration-ms="471" status="PASS">
          <params>
            <param index="0">
              <value>
                <![CDATA[amruta143@gmail.com]]>
              </value>
            </param>
            <param index="1">
              <value>
                <![CDATA[Akshayj@6776]]>
              </value>
            </param>
          </params>
          <reporter-output>
          </reporter-output>
        </test-method> <!-- verifyLoginWithValidCredentils -->
        <test-method is-config="true" signature="closeDriver()[pri:0, instance:tutorialNinjaProj.Tests.LoginTest@6b81ce95]" started-at="2023-12-17T12:51:33 IST" name="closeDriver" finished-at="2023-12-17T12:51:33 IST" duration-ms="147" status="PASS">
          <reporter-output>
          </reporter-output>
        </test-method> <!-- closeDriver -->
        <test-method is-config="true" signature="setup()[pri:0, instance:tutorialNinjaProj.Tests.LoginTest@6b81ce95]" started-at="2023-12-17T12:51:33 IST" name="setup" finished-at="2023-12-17T12:51:36 IST" duration-ms="2891" status="PASS">
          <reporter-output>
          </reporter-output>
        </test-method> <!-- setup -->
        <test-method signature="verifyLoginWithInvalidCredentils()[pri:2, instance:tutorialNinjaProj.Tests.LoginTest@6b81ce95]" started-at="2023-12-17T12:51:36 IST" name="verifyLoginWithInvalidCredentils" finished-at="2023-12-17T12:51:37 IST" duration-ms="398" status="PASS">
          <reporter-output>
          </reporter-output>
        </test-method> <!-- verifyLoginWithInvalidCredentils -->
        <test-method is-config="true" signature="closeDriver()[pri:0, instance:tutorialNinjaProj.Tests.LoginTest@6b81ce95]" started-at="2023-12-17T12:51:37 IST" name="closeDriver" finished-at="2023-12-17T12:51:37 IST" duration-ms="139" status="PASS">
          <reporter-output>
          </reporter-output>
        </test-method> <!-- closeDriver -->
        <test-method is-config="true" signature="setup()[pri:0, instance:tutorialNinjaProj.Tests.LoginTest@6b81ce95]" started-at="2023-12-17T12:51:37 IST" name="setup" finished-at="2023-12-17T12:51:42 IST" duration-ms="4643" status="PASS">
          <reporter-output>
          </reporter-output>
        </test-method> <!-- setup -->
        <test-method signature="verifyLoginWithInvalidEmailandValiedPassword()[pri:3, instance:tutorialNinjaProj.Tests.LoginTest@6b81ce95]" started-at="2023-12-17T12:51:42 IST" name="verifyLoginWithInvalidEmailandValiedPassword" finished-at="2023-12-17T12:51:42 IST" duration-ms="440" status="PASS">
          <reporter-output>
          </reporter-output>
        </test-method> <!-- verifyLoginWithInvalidEmailandValiedPassword -->
        <test-method is-config="true" signature="closeDriver()[pri:0, instance:tutorialNinjaProj.Tests.LoginTest@6b81ce95]" started-at="2023-12-17T12:51:42 IST" name="closeDriver" finished-at="2023-12-17T12:51:42 IST" duration-ms="134" status="PASS">
          <reporter-output>
          </reporter-output>
        </test-method> <!-- closeDriver -->
        <test-method is-config="true" signature="setup()[pri:0, instance:tutorialNinjaProj.Tests.LoginTest@6b81ce95]" started-at="2023-12-17T12:51:42 IST" name="setup" finished-at="2023-12-17T12:51:45 IST" duration-ms="3045" status="PASS">
          <reporter-output>
          </reporter-output>
        </test-method> <!-- setup -->
        <test-method signature="verifyLoginWithValidEmailandInvaliedPassword()[pri:4, instance:tutorialNinjaProj.Tests.LoginTest@6b81ce95]" started-at="2023-12-17T12:51:45 IST" name="verifyLoginWithValidEmailandInvaliedPassword" finished-at="2023-12-17T12:51:46 IST" duration-ms="375" status="PASS">
          <reporter-output>
          </reporter-output>
        </test-method> <!-- verifyLoginWithValidEmailandInvaliedPassword -->
        <test-method is-config="true" signature="closeDriver()[pri:0, instance:tutorialNinjaProj.Tests.LoginTest@6b81ce95]" started-at="2023-12-17T12:51:46 IST" name="closeDriver" finished-at="2023-12-17T12:51:46 IST" duration-ms="141" status="PASS">
          <reporter-output>
          </reporter-output>
        </test-method> <!-- closeDriver -->
        <test-method is-config="true" signature="setup()[pri:0, instance:tutorialNinjaProj.Tests.LoginTest@6b81ce95]" started-at="2023-12-17T12:51:46 IST" name="setup" finished-at="2023-12-17T12:51:50 IST" duration-ms="4262" status="PASS">
          <reporter-output>
          </reporter-output>
        </test-method> <!-- setup -->
        <test-method signature="verifyLoginWithoutProvidingCredentils()[pri:5, instance:tutorialNinjaProj.Tests.LoginTest@6b81ce95]" started-at="2023-12-17T12:51:50 IST" name="verifyLoginWithoutProvidingCredentils" finished-at="2023-12-17T12:51:50 IST" duration-ms="274" status="PASS">
          <reporter-output>
          </reporter-output>
        </test-method> <!-- verifyLoginWithoutProvidingCredentils -->
        <test-method is-config="true" signature="closeDriver()[pri:0, instance:tutorialNinjaProj.Tests.LoginTest@6b81ce95]" started-at="2023-12-17T12:51:50 IST" name="closeDriver" finished-at="2023-12-17T12:51:50 IST" duration-ms="153" status="PASS">
          <reporter-output>
          </reporter-output>
        </test-method> <!-- closeDriver -->
      </class> <!-- tutorialNinjaProj.Tests.LoginTest -->
      <class name="tutorialNinjaProj.Tests.SearchTest">
        <test-method is-config="true" signature="setup()[pri:0, instance:tutorialNinjaProj.Tests.SearchTest@2a798d51]" started-at="2023-12-17T12:51:50 IST" name="setup" finished-at="2023-12-17T12:51:54 IST" duration-ms="3274" status="PASS">
          <reporter-output>
          </reporter-output>
        </test-method> <!-- setup -->
        <test-method signature="verifySearchWithValidProduct()[pri:1, instance:tutorialNinjaProj.Tests.SearchTest@2a798d51]" started-at="2023-12-17T12:51:54 IST" name="verifySearchWithValidProduct" finished-at="2023-12-17T12:51:54 IST" duration-ms="646" status="PASS">
          <reporter-output>
          </reporter-output>
        </test-method> <!-- verifySearchWithValidProduct -->
        <test-method is-config="true" signature="closeDriver()[pri:0, instance:tutorialNinjaProj.Tests.SearchTest@2a798d51]" started-at="2023-12-17T12:51:54 IST" name="closeDriver" finished-at="2023-12-17T12:51:54 IST" duration-ms="149" status="PASS">
          <reporter-output>
          </reporter-output>
        </test-method> <!-- closeDriver -->
        <test-method is-config="true" signature="setup()[pri:0, instance:tutorialNinjaProj.Tests.SearchTest@2a798d51]" started-at="2023-12-17T12:51:54 IST" name="setup" finished-at="2023-12-17T12:51:57 IST" duration-ms="2268" status="PASS">
          <reporter-output>
          </reporter-output>
        </test-method> <!-- setup -->
        <test-method signature="verifySearchWithNonExistingProduct()[pri:2, instance:tutorialNinjaProj.Tests.SearchTest@2a798d51]" started-at="2023-12-17T12:51:57 IST" name="verifySearchWithNonExistingProduct" finished-at="2023-12-17T12:51:57 IST" duration-ms="285" status="PASS">
          <reporter-output>
          </reporter-output>
        </test-method> <!-- verifySearchWithNonExistingProduct -->
        <test-method is-config="true" signature="closeDriver()[pri:0, instance:tutorialNinjaProj.Tests.SearchTest@2a798d51]" started-at="2023-12-17T12:51:57 IST" name="closeDriver" finished-at="2023-12-17T12:51:57 IST" duration-ms="158" status="PASS">
          <reporter-output>
          </reporter-output>
        </test-method> <!-- closeDriver -->
        <test-method is-config="true" signature="setup()[pri:0, instance:tutorialNinjaProj.Tests.SearchTest@2a798d51]" started-at="2023-12-17T12:51:57 IST" name="setup" finished-at="2023-12-17T12:51:59 IST" duration-ms="2167" status="PASS">
          <reporter-output>
          </reporter-output>
        </test-method> <!-- setup -->
        <test-method signature="verifySearchWithNotProvidingAnyProductName()[pri:3, instance:tutorialNinjaProj.Tests.SearchTest@2a798d51]" started-at="2023-12-17T12:51:59 IST" name="verifySearchWithNotProvidingAnyProductName" finished-at="2023-12-17T12:52:00 IST" duration-ms="212" status="PASS">
          <reporter-output>
          </reporter-output>
        </test-method> <!-- verifySearchWithNotProvidingAnyProductName -->
        <test-method is-config="true" signature="closeDriver()[pri:0, instance:tutorialNinjaProj.Tests.SearchTest@2a798d51]" started-at="2023-12-17T12:52:00 IST" name="closeDriver" finished-at="2023-12-17T12:52:00 IST" duration-ms="149" status="PASS">
          <reporter-output>
          </reporter-output>
        </test-method> <!-- closeDriver -->
      </class> <!-- tutorialNinjaProj.Tests.SearchTest -->
      <class name="tutorialNinjaProj.Tests.RegisterAccountTest">
        <test-method is-config="true" signature="setUp()[pri:0, instance:tutorialNinjaProj.Tests.RegisterAccountTest@4d9e68d0]" started-at="2023-12-17T12:51:08 IST" name="setUp" finished-at="2023-12-17T12:51:17 IST" duration-ms="9155" status="PASS">
          <reporter-output>
          </reporter-output>
        </test-method> <!-- setUp -->
        <test-method signature="verifyRegisteringAccountWithMandatoryFields()[pri:1, instance:tutorialNinjaProj.Tests.RegisterAccountTest@4d9e68d0]" started-at="2023-12-17T12:51:17 IST" name="verifyRegisteringAccountWithMandatoryFields" finished-at="2023-12-17T12:51:18 IST" duration-ms="807" status="PASS">
          <reporter-output>
          </reporter-output>
        </test-method> <!-- verifyRegisteringAccountWithMandatoryFields -->
        <test-method is-config="true" signature="closeDriver()[pri:0, instance:tutorialNinjaProj.Tests.RegisterAccountTest@4d9e68d0]" started-at="2023-12-17T12:51:18 IST" name="closeDriver" finished-at="2023-12-17T12:51:18 IST" duration-ms="150" status="PASS">
          <reporter-output>
          </reporter-output>
        </test-method> <!-- closeDriver -->
        <test-method is-config="true" signature="setUp()[pri:0, instance:tutorialNinjaProj.Tests.RegisterAccountTest@4d9e68d0]" started-at="2023-12-17T12:51:18 IST" name="setUp" finished-at="2023-12-17T12:51:21 IST" duration-ms="3632" status="PASS">
          <reporter-output>
          </reporter-output>
        </test-method> <!-- setUp -->
        <test-method signature="verifyRegisteringAccountWithAlreadyExistingCredentils()[pri:2, instance:tutorialNinjaProj.Tests.RegisterAccountTest@4d9e68d0]" started-at="2023-12-17T12:51:21 IST" name="verifyRegisteringAccountWithAlreadyExistingCredentils" finished-at="2023-12-17T12:51:22 IST" duration-ms="625" status="PASS">
          <reporter-output>
          </reporter-output>
        </test-method> <!-- verifyRegisteringAccountWithAlreadyExistingCredentils -->
        <test-method is-config="true" signature="closeDriver()[pri:0, instance:tutorialNinjaProj.Tests.RegisterAccountTest@4d9e68d0]" started-at="2023-12-17T12:51:22 IST" name="closeDriver" finished-at="2023-12-17T12:51:22 IST" duration-ms="138" status="PASS">
          <reporter-output>
          </reporter-output>
        </test-method> <!-- closeDriver -->
        <test-method is-config="true" signature="setUp()[pri:0, instance:tutorialNinjaProj.Tests.RegisterAccountTest@4d9e68d0]" started-at="2023-12-17T12:51:22 IST" name="setUp" finished-at="2023-12-17T12:51:25 IST" duration-ms="2611" status="PASS">
          <reporter-output>
          </reporter-output>
        </test-method> <!-- setUp -->
        <test-method signature="verifyRegisteringAccountWithOutFillingAnyFillds()[pri:3, instance:tutorialNinjaProj.Tests.RegisterAccountTest@4d9e68d0]" started-at="2023-12-17T12:51:25 IST" name="verifyRegisteringAccountWithOutFillingAnyFillds" finished-at="2023-12-17T12:51:25 IST" duration-ms="323" status="PASS">
          <reporter-output>
          </reporter-output>
        </test-method> <!-- verifyRegisteringAccountWithOutFillingAnyFillds -->
        <test-method is-config="true" signature="closeDriver()[pri:0, instance:tutorialNinjaProj.Tests.RegisterAccountTest@4d9e68d0]" started-at="2023-12-17T12:51:25 IST" name="closeDriver" finished-at="2023-12-17T12:51:25 IST" duration-ms="153" status="PASS">
          <reporter-output>
          </reporter-output>
        </test-method> <!-- closeDriver -->
      </class> <!-- tutorialNinjaProj.Tests.RegisterAccountTest -->
    </test> <!-- Test -->
  </suite> <!-- Suite -->
</testng-results>
